<?xml version="1.0" encoding="UTF-8"?>
<!-- Generated by org.testng.reporters.JUnitXMLReporter -->
<testsuite ignored="0" hostname="Ganyas-MBP.attlocal.net" failures="0" tests="5" name="Test" time="46.989" errors="0" timestamp="2023-07-03T15:36:52 PDT">
  <testcase classname="com.test.endtoend.TestscriptEndToEnd" name="TC_001_validLogin" time="1.634"/>
  <testcase classname="com.test.endtoend.TestscriptEndToEnd" name="TC_002_createUserData" time="2.739"/>
  <testcase classname="com.test.endtoend.TestscriptEndToEnd" name="TC_003_getUserData" time="16.674"/>
  <testcase classname="com.test.endtoend.TestscriptEndToEnd" name="TC_004_updateUserData" time="12.596"/>
  <testcase classname="com.test.endtoend.TestscriptEndToEnd" name="TC_005_deleteUserData" time="12.356"/>
</testsuite> <!-- Test -->
