<?xml version="1.0" encoding="UTF-8"?>
<testng-results ignored="0" total="5" passed="5" failed="0" skipped="0">
  <reporter-output>
  </reporter-output>
  <suite started-at="2023-07-03T15:36:05 PDT" name="Suite" finished-at="2023-07-03T15:36:52 PDT" duration-ms="46989">
    <groups>
    </groups>
    <test started-at="2023-07-03T15:36:05 PDT" name="Test" finished-at="2023-07-03T15:36:52 PDT" duration-ms="46989">
      <class name="com.test.endtoend.TestscriptEndToEnd">
        <test-method is-config="true" signature="baseUri()[pri:0, instance:com.test.endtoend.TestscriptEndToEnd@66d3eec0]" started-at="2023-07-03T15:36:05 PDT" name="baseUri" finished-at="2023-07-03T15:36:06 PDT" duration-ms="727" status="PASS">
          <reporter-output>
          </reporter-output>
        </test-method> <!-- baseUri -->
        <test-method signature="TC_001_validLogin()[pri:1, instance:com.test.endtoend.TestscriptEndToEnd@66d3eec0]" started-at="2023-07-03T15:36:06 PDT" name="TC_001_validLogin" finished-at="2023-07-03T15:36:08 PDT" duration-ms="1634" status="PASS">
          <reporter-output>
          </reporter-output>
        </test-method> <!-- TC_001_validLogin -->
        <test-method is-config="true" signature="baseUri()[pri:0, instance:com.test.endtoend.TestscriptEndToEnd@66d3eec0]" started-at="2023-07-03T15:36:08 PDT" name="baseUri" finished-at="2023-07-03T15:36:08 PDT" duration-ms="1" status="PASS">
          <reporter-output>
          </reporter-output>
        </test-method> <!-- baseUri -->
        <test-method signature="TC_002_createUserData()[pri:2, instance:com.test.endtoend.TestscriptEndToEnd@66d3eec0]" started-at="2023-07-03T15:36:08 PDT" name="TC_002_createUserData" finished-at="2023-07-03T15:36:10 PDT" duration-ms="2739" status="PASS">
          <reporter-output>
          </reporter-output>
        </test-method> <!-- TC_002_createUserData -->
        <test-method is-config="true" signature="baseUri()[pri:0, instance:com.test.endtoend.TestscriptEndToEnd@66d3eec0]" started-at="2023-07-03T15:36:10 PDT" name="baseUri" finished-at="2023-07-03T15:36:10 PDT" duration-ms="1" status="PASS">
          <reporter-output>
          </reporter-output>
        </test-method> <!-- baseUri -->
        <test-method signature="TC_003_getUserData()[pri:3, instance:com.test.endtoend.TestscriptEndToEnd@66d3eec0]" started-at="2023-07-03T15:36:10 PDT" name="TC_003_getUserData" finished-at="2023-07-03T15:36:27 PDT" duration-ms="16674" status="PASS">
          <reporter-output>
          </reporter-output>
        </test-method> <!-- TC_003_getUserData -->
        <test-method signature="TC_004_updateUserData()[pri:4, instance:com.test.endtoend.TestscriptEndToEnd@66d3eec0]" started-at="2023-07-03T15:36:27 PDT" name="TC_004_updateUserData" finished-at="2023-07-03T15:36:40 PDT" duration-ms="12596" status="PASS">
          <reporter-output>
          </reporter-output>
        </test-method> <!-- TC_004_updateUserData -->
        <test-method is-config="true" signature="baseUri()[pri:0, instance:com.test.endtoend.TestscriptEndToEnd@66d3eec0]" started-at="2023-07-03T15:36:27 PDT" name="baseUri" finished-at="2023-07-03T15:36:27 PDT" duration-ms="0" status="PASS">
          <reporter-output>
          </reporter-output>
        </test-method> <!-- baseUri -->
        <test-method signature="TC_005_deleteUserData()[pri:5, instance:com.test.endtoend.TestscriptEndToEnd@66d3eec0]" started-at="2023-07-03T15:36:40 PDT" name="TC_005_deleteUserData" finished-at="2023-07-03T15:36:52 PDT" duration-ms="12356" status="PASS">
          <reporter-output>
          </reporter-output>
        </test-method> <!-- TC_005_deleteUserData -->
        <test-method is-config="true" signature="baseUri()[pri:0, instance:com.test.endtoend.TestscriptEndToEnd@66d3eec0]" started-at="2023-07-03T15:36:40 PDT" name="baseUri" finished-at="2023-07-03T15:36:40 PDT" duration-ms="0" status="PASS">
          <reporter-output>
          </reporter-output>
        </test-method> <!-- baseUri -->
      </class> <!-- com.test.endtoend.TestscriptEndToEnd -->
    </test> <!-- Test -->
  </suite> <!-- Suite -->
</testng-results>
